x:\onedrive\dokumenti\visual studio 2015\projects\voidengine\voidengine\x64\release\vc141.pdb
x:\onedrive\dokumenti\visual studio 2015\projects\voidengine\voidengine\x64\release\texture.obj
x:\onedrive\dokumenti\visual studio 2015\projects\voidengine\voidengine\x64\release\shader.obj
x:\onedrive\dokumenti\visual studio 2015\projects\voidengine\voidengine\x64\release\objloader.obj
x:\onedrive\dokumenti\visual studio 2015\projects\voidengine\voidengine\x64\release\mesh.obj
x:\onedrive\dokumenti\visual studio 2015\projects\voidengine\voidengine\x64\release\main.obj
x:\onedrive\dokumenti\visual studio 2015\projects\voidengine\voidengine\x64\release\displayvk.obj
x:\onedrive\dokumenti\visual studio 2015\projects\voidengine\voidengine\x64\release\display.obj
x:\onedrive\dokumenti\visual studio 2015\projects\voidengine\voidengine\x64\release\vkdisplay.obj
x:\onedrive\dokumenti\visual studio 2015\projects\voidengine\voidengine\x64\release\gldisplay.obj
x:\onedrive\dokumenti\visual studio 2015\projects\voidengine\x64\release\voidengine.exe
x:\onedrive\dokumenti\visual studio 2015\projects\voidengine\x64\release\voidengine.pdb
x:\onedrive\dokumenti\visual studio 2015\projects\voidengine\x64\release\voidengine.ipdb
x:\onedrive\dokumenti\visual studio 2015\projects\voidengine\x64\release\voidengine.iobj
x:\onedrive\dokumenti\visual studio 2015\projects\voidengine\voidengine\x64\release\voidengine.tlog\cl.command.1.tlog
x:\onedrive\dokumenti\visual studio 2015\projects\voidengine\voidengine\x64\release\voidengine.tlog\cl.read.1.tlog
x:\onedrive\dokumenti\visual studio 2015\projects\voidengine\voidengine\x64\release\voidengine.tlog\cl.write.1.tlog
x:\onedrive\dokumenti\visual studio 2015\projects\voidengine\voidengine\x64\release\voidengine.tlog\link.command.1.tlog
x:\onedrive\dokumenti\visual studio 2015\projects\voidengine\voidengine\x64\release\voidengine.tlog\link.read.1.tlog
x:\onedrive\dokumenti\visual studio 2015\projects\voidengine\voidengine\x64\release\voidengine.tlog\link.write.1.tlog
x:\onedrive\dokumenti\visual studio 2015\projects\voidengine\voidengine\x64\release\voidengine.tlog\voidengine.write.1u.tlog
