x:\onedrive\dokumenti\visual studio 2015\projects\voidengine\voidengine\x64\debug\vc141.pdb
x:\onedrive\dokumenti\visual studio 2015\projects\voidengine\voidengine\x64\debug\vc141.idb
x:\onedrive\dokumenti\visual studio 2015\projects\voidengine\voidengine\x64\debug\display.obj
x:\onedrive\dokumenti\visual studio 2015\projects\voidengine\voidengine\x64\debug\displayvk.obj
x:\onedrive\dokumenti\visual studio 2015\projects\voidengine\voidengine\x64\debug\main.obj
x:\onedrive\dokumenti\visual studio 2015\projects\voidengine\voidengine\x64\debug\mesh.obj
x:\onedrive\dokumenti\visual studio 2015\projects\voidengine\voidengine\x64\debug\objloader.obj
x:\onedrive\dokumenti\visual studio 2015\projects\voidengine\voidengine\x64\debug\shader.obj
x:\onedrive\dokumenti\visual studio 2015\projects\voidengine\voidengine\x64\debug\texture.obj
x:\onedrive\dokumenti\visual studio 2015\projects\voidengine\x64\debug\voidengine.pdb
x:\onedrive\dokumenti\visual studio 2015\projects\voidengine\voidengine\x64\debug\voidengine.tlog\cl.command.1.tlog
x:\onedrive\dokumenti\visual studio 2015\projects\voidengine\voidengine\x64\debug\voidengine.tlog\cl.read.1.tlog
x:\onedrive\dokumenti\visual studio 2015\projects\voidengine\voidengine\x64\debug\voidengine.tlog\cl.write.1.tlog
x:\onedrive\dokumenti\visual studio 2015\projects\voidengine\voidengine\x64\debug\voidengine.tlog\link-cvtres.read.1.tlog
x:\onedrive\dokumenti\visual studio 2015\projects\voidengine\voidengine\x64\debug\voidengine.tlog\link-cvtres.write.1.tlog
x:\onedrive\dokumenti\visual studio 2015\projects\voidengine\voidengine\x64\debug\voidengine.tlog\link-rc.read.1.tlog
x:\onedrive\dokumenti\visual studio 2015\projects\voidengine\voidengine\x64\debug\voidengine.tlog\link-rc.write.1.tlog
x:\onedrive\dokumenti\visual studio 2015\projects\voidengine\voidengine\x64\debug\voidengine.tlog\link.command.1.tlog
x:\onedrive\dokumenti\visual studio 2015\projects\voidengine\voidengine\x64\debug\voidengine.tlog\link.read.1.tlog
x:\onedrive\dokumenti\visual studio 2015\projects\voidengine\voidengine\x64\debug\voidengine.tlog\link.write.1.tlog
